<?xml version="1.0" encoding="UTF-8"?>
<!-- Generated by org.testng.reporters.JUnitReportReporter -->
<testsuite hostname="LAPTOP-TM9QH1A6" failures="0" tests="6" name="testngpack.Flag7Grouping" time="0.025" errors="0" timestamp="2022-06-06T09:23:35 IST" skipped="0">
  <testcase classname="testngpack.Flag7Grouping" name="st2" time="0.002"/>
  <system-out>
    <![CDATA[st2]]>
  </system-out>
  <testcase classname="testngpack.Flag7Grouping" name="st6" time="0.007"/>
  <system-out>
    <![CDATA[st6]]>
  </system-out>
  <testcase classname="testngpack.Flag7Grouping" name="st1" time="0.008"/>
  <system-out>
    <![CDATA[st1]]>
  </system-out>
  <testcase classname="testngpack.Flag7Grouping" name="st5" time="0.002"/>
  <system-out>
    <![CDATA[st5]]>
  </system-out>
  <testcase classname="testngpack.Flag7Grouping" name="st3" time="0.003"/>
  <system-out>
    <![CDATA[st3]]>
  </system-out>
  <testcase classname="testngpack.Flag7Grouping" name="st4" time="0.003"/>
  <system-out>
    <![CDATA[st4]]>
  </system-out>
</testsuite> <!-- testngpack.Flag7Grouping -->
