<?xml version="1.0" encoding="UTF-8"?>
<!-- Generated by org.testng.reporters.JUnitReportReporter -->
<testsuite hostname="LAPTOP-TM9QH1A6" failures="0" tests="3" name="testngpack.Flag2Enabled" time="0.015" errors="0" timestamp="2022-06-05T13:03:06 IST" skipped="1">
  <testcase classname="testngpack.Flag2Enabled" name="logout" time="0.005"/>
  <system-out>
    <![CDATA[logout performed]]>
  </system-out>
  <testcase classname="testngpack.Flag2Enabled" name="login" time="0.010"/>
  <system-out>
    <![CDATA[login performed]]>
  </system-out>
  <testcase classname="testngpack.Flag2Enabled" name="signup">
    <skipped/>
  </testcase> <!-- signup -->
  <system-out/>
</testsuite> <!-- testngpack.Flag2Enabled -->
