<?xml version="1.0" encoding="UTF-8"?>
<!-- Generated by org.testng.reporters.JUnitReportReporter -->
<testsuite hostname="LAPTOP-TM9QH1A6" failures="0" tests="1" name="testngpack.ReadDataFromXML" time="5.431" errors="0" timestamp="2022-06-09T17:03:07 IST" skipped="0">
  <testcase classname="testngpack.ReadDataFromXML" name="launchBrowser" time="5.431"/>
  <system-out/>
</testsuite> <!-- testngpack.ReadDataFromXML -->
