<?xml version="1.0" encoding="UTF-8"?>
<!-- Generated by org.testng.reporters.JUnitReportReporter -->
<testsuite hostname="LAPTOP-TM9QH1A6" failures="0" tests="1" name="testngpack.Flag1description" time="0.010" errors="0" timestamp="2022-06-05T12:57:44 IST" skipped="0">
  <testcase classname="testngpack.Flag1description" name="login" time="0.010"/>
  <system-out>
    <![CDATA[login is performed]]>
  </system-out>
</testsuite> <!-- testngpack.Flag1description -->
