<?xml version="1.0" encoding="UTF-8"?>
<!-- Generated by org.testng.reporters.JUnitReportReporter -->
<testsuite hostname="LAPTOP-TM9QH1A6" failures="0" tests="2" name="testngpack.ActiTimeLogin" time="16.219" errors="0" timestamp="2022-06-08T15:16:14 IST" skipped="0">
  <testcase classname="testngpack.ActiTimeLogin" name="validLogin" time="9.467"/>
  <system-out/>
  <testcase classname="testngpack.ActiTimeLogin" name="validLogin" time="6.752"/>
  <system-out/>
</testsuite> <!-- testngpack.ActiTimeLogin -->
