<?xml version="1.0" encoding="UTF-8"?>
<!-- Generated by org.testng.reporters.JUnitReportReporter -->
<testsuite hostname="LAPTOP-TM9QH1A6" failures="0" tests="2" name="testngpack.Flag6DependsOnMethods" time="0.008" errors="0" timestamp="2022-06-07T22:12:58 IST" skipped="0">
  <testcase classname="testngpack.Flag6DependsOnMethods" name="a" time="0.000"/>
  <system-out>
    <![CDATA[a]]>
  </system-out>
  <testcase classname="testngpack.Flag6DependsOnMethods" name="b" time="0.008"/>
  <system-out>
    <![CDATA[b]]>
  </system-out>
</testsuite> <!-- testngpack.Flag6DependsOnMethods -->
