<?xml version="1.0" encoding="UTF-8"?>
<!-- Generated by org.testng.reporters.JUnitReportReporter -->
<testsuite hostname="LAPTOP-TM9QH1A6" failures="0" tests="5" name="testAnnotations.DataProviderCode" time="53.382" errors="0" timestamp="2022-06-10T21:57:34 IST" skipped="0">
  <testcase classname="testAnnotations.DataProviderCode" name="loginToActiTime" time="10.500"/>
  <system-out/>
  <testcase classname="testAnnotations.DataProviderCode" name="loginToActiTime" time="10.564"/>
  <system-out/>
  <testcase classname="testAnnotations.DataProviderCode" name="loginToActiTime" time="10.582"/>
  <system-out/>
  <testcase classname="testAnnotations.DataProviderCode" name="loginToActiTime" time="10.530"/>
  <system-out/>
  <testcase classname="testAnnotations.DataProviderCode" name="loginToActiTime" time="11.206"/>
  <system-out/>
</testsuite> <!-- testAnnotations.DataProviderCode -->
