<?xml version="1.0" encoding="UTF-8"?>
<!-- Generated by org.testng.reporters.JUnitReportReporter -->
<testsuite hostname="LAPTOP-TM9QH1A6" failures="0" tests="8" name="testngpack.FlagMultipleMethodsExecution" time="0.016" errors="0" timestamp="2022-06-05T13:33:15 IST" skipped="0">
  <testcase classname="testngpack.FlagMultipleMethodsExecution" name="g" time="0.001"/>
  <system-out>
    <![CDATA[g]]>
  </system-out>
  <testcase classname="testngpack.FlagMultipleMethodsExecution" name="p" time="0.001"/>
  <system-out>
    <![CDATA[p]]>
  </system-out>
  <testcase classname="testngpack.FlagMultipleMethodsExecution" name="h" time="0.000"/>
  <system-out>
    <![CDATA[h]]>
  </system-out>
  <testcase classname="testngpack.FlagMultipleMethodsExecution" name="l" time="0.002"/>
  <system-out>
    <![CDATA[l]]>
  </system-out>
  <testcase classname="testngpack.FlagMultipleMethodsExecution" name="a" time="0.008"/>
  <system-out>
    <![CDATA[a]]>
  </system-out>
  <testcase classname="testngpack.FlagMultipleMethodsExecution" name="m" time="0.001"/>
  <system-out>
    <![CDATA[m]]>
  </system-out>
  <testcase classname="testngpack.FlagMultipleMethodsExecution" name="b" time="0.002"/>
  <system-out>
    <![CDATA[b]]>
  </system-out>
  <testcase classname="testngpack.FlagMultipleMethodsExecution" name="k" time="0.001"/>
  <system-out>
    <![CDATA[k]]>
  </system-out>
</testsuite> <!-- testngpack.FlagMultipleMethodsExecution -->
