<?xml version="1.0" encoding="UTF-8"?>
<!-- Generated by org.testng.reporters.JUnitReportReporter -->
<testsuite hostname="LAPTOP-TM9QH1A6" failures="0" tests="8" name="testngpack.Flag4Priority" time="0.018" errors="0" timestamp="2022-06-05T13:26:40 IST" skipped="0">
  <testcase classname="testngpack.Flag4Priority" name="g" time="0.002"/>
  <system-out>
    <![CDATA[g]]>
  </system-out>
  <testcase classname="testngpack.Flag4Priority" name="i" time="0.001"/>
  <system-out>
    <![CDATA[i]]>
  </system-out>
  <testcase classname="testngpack.Flag4Priority" name="k" time="0.001"/>
  <system-out>
    <![CDATA[k]]>
  </system-out>
  <testcase classname="testngpack.Flag4Priority" name="a" time="0.009"/>
  <system-out>
    <![CDATA[a]]>
  </system-out>
  <testcase classname="testngpack.Flag4Priority" name="h" time="0.001"/>
  <system-out>
    <![CDATA[h]]>
  </system-out>
  <testcase classname="testngpack.Flag4Priority" name="p" time="0.002"/>
  <system-out>
    <![CDATA[p]]>
  </system-out>
  <testcase classname="testngpack.Flag4Priority" name="z" time="0.001"/>
  <system-out>
    <![CDATA[z]]>
  </system-out>
  <testcase classname="testngpack.Flag4Priority" name="m" time="0.001"/>
  <system-out>
    <![CDATA[m]]>
  </system-out>
</testsuite> <!-- testngpack.Flag4Priority -->
