<?xml version="1.0" encoding="UTF-8"?>
<!-- Generated by org.testng.reporters.JUnitReportReporter -->
<testsuite hostname="LAPTOP-TM9QH1A6" failures="0" tests="9" name="testngpack.Flag4" time="0.014" errors="0" timestamp="2022-06-04T09:22:06 IST" skipped="0">
  <testcase classname="testngpack.Flag4" name="g" time="0.001"/>
  <system-out>
    <![CDATA[g]]>
  </system-out>
  <testcase classname="testngpack.Flag4" name="a" time="0.007"/>
  <system-out>
    <![CDATA[a]]>
  </system-out>
  <testcase classname="testngpack.Flag4" name="k" time="0.000"/>
  <system-out>
    <![CDATA[k]]>
  </system-out>
  <testcase classname="testngpack.Flag4" name="l" time="0.001"/>
  <system-out>
    <![CDATA[l]]>
  </system-out>
  <testcase classname="testngpack.Flag4" name="b" time="0.001"/>
  <system-out>
    <![CDATA[b]]>
  </system-out>
  <testcase classname="testngpack.Flag4" name="h" time="0.001"/>
  <system-out>
    <![CDATA[h]]>
  </system-out>
  <testcase classname="testngpack.Flag4" name="p" time="0.002"/>
  <system-out>
    <![CDATA[p]]>
  </system-out>
  <testcase classname="testngpack.Flag4" name="z" time="0.001"/>
  <system-out>
    <![CDATA[z]]>
  </system-out>
  <testcase classname="testngpack.Flag4" name="m" time="0.000"/>
  <system-out>
    <![CDATA[m]]>
  </system-out>
</testsuite> <!-- testngpack.Flag4 -->
