<?xml version="1.0" encoding="UTF-8"?>
<!-- Generated by org.testng.reporters.JUnitReportReporter -->
<testsuite hostname="LAPTOP-TM9QH1A6" failures="0" tests="1" name="testpackage.TestActiTimeValidLogin" time="8.984" errors="0" timestamp="2022-06-13T22:10:10 IST" skipped="0">
  <testcase classname="testpackage.TestActiTimeValidLogin" name="actiTimeValidLogin" time="8.984"/>
  <system-out>
    <![CDATA[Test has been started
Test is successfully executed]]>
  </system-out>
</testsuite> <!-- testpackage.TestActiTimeValidLogin -->
