<?xml version="1.0" encoding="UTF-8"?>
<!-- Generated by org.testng.reporters.JUnitReportReporter -->
<testsuite hostname="LAPTOP-TM9QH1A6" failures="0" tests="1" name="testpackage.TestActiTimeInvalidLogin" time="58.394" errors="0" timestamp="2022-06-13T22:10:10 IST" skipped="0">
  <testcase classname="testpackage.TestActiTimeInvalidLogin" name="actiTimeInvalidLogin" time="58.394"/>
  <system-out>
    <![CDATA[Test has been started
10
Test is successfully executed]]>
  </system-out>
</testsuite> <!-- testpackage.TestActiTimeInvalidLogin -->
